<?xml version="1.0" encoding="UTF-8"?>
<testsuite name="my.example.project.OwnershipExamples" tests="1" skipped="0" failures="0" errors="0" timestamp="2024-12-19T04:37:29" hostname="RINA-ACER" time="0.165">
  <properties/>
  <testcase name="mutableBorrowingExample2" classname="my.example.project.OwnershipExamples" time="0.165"/>
  <system-out><![CDATA[]]></system-out>
  <system-err><![CDATA[]]></system-err>
</testsuite>
