<?xml version="1.0" encoding="UTF-8"?>
<testsuite name="my.example.project.OwnershipExamples" tests="3" skipped="0" failures="0" errors="0" timestamp="2024-12-18T20:16:57" hostname="RINA-ACER" time="0.172">
  <properties/>
  <testcase name="ownershipTransferExample2" classname="my.example.project.OwnershipExamples" time="0.168"/>
  <testcase name="borrowingExample1" classname="my.example.project.OwnershipExamples" time="0.001"/>
  <testcase name="ownershipTransferExample" classname="my.example.project.OwnershipExamples" time="0.001"/>
  <system-out><![CDATA[]]></system-out>
  <system-err><![CDATA[]]></system-err>
</testsuite>
